2024-03-21T02:47:46.590801Z ERROR super_duper: error
2024-03-21T02:51:00.576060Z ERROR super_duper: error
2024-03-21T02:51:31.210527Z ERROR super_duper: error
2024-03-21T02:51:31.210736Z  INFO super_duper: info
2024-03-21T02:51:31.210880Z  WARN super_duper: warn
2024-03-21T02:51:31.211005Z DEBUG super_duper: debug
2024-03-21T02:57:22.779910Z DEBUG super_duper: config.root_paths: ["C:/Temp", "../test-data/folder1", "../test-data/folder2"]
2024-03-21T02:57:22.780271Z  INFO super_duper: Processing directories: ["C:/Temp", "../test-data/folder1", "../test-data/folder2"]
2024-03-21T02:57:22.780902Z  INFO super_duper::file_proc: Scanning files...
2024-03-21T02:57:22.953693Z  INFO super_duper::file_proc: Building content hash for possible dupes...
2024-03-21T02:57:35.327345Z  INFO super_duper::file_proc: Collecting file info...
2024-03-21T02:57:35.451580Z  INFO super_duper::file_proc: Writing to database...
2024-03-21T02:57:35.988415Z DEBUG super_duper::file_proc: File Scan completed in [32m0.17[0m seconds, File Hash completed in [32m12.37[0m seconds, File Info completed in [32m0.12[0m seconds, File Info completed in [32m0.54[0m seconds
2024-03-21T04:54:42.997028Z DEBUG super_duper: config.root_paths: ["C:/Temp", "../test-data/folder1", "../test-data/folder2"]
2024-03-21T04:54:42.997270Z  INFO super_duper: Processing directories: ["C:/Temp", "../test-data/folder1", "../test-data/folder2"]
2024-03-21T04:54:42.997582Z  INFO super_duper::file_proc: Scanning files...
2024-03-21T04:54:43.127222Z DEBUG super_duper::file_proc: Scan files completed in [32m0.13[0m seconds
2024-03-21T04:54:43.127386Z  INFO super_duper::file_proc: Building content hash for possible dupes...
2024-03-21T04:54:56.455301Z DEBUG super_duper::file_proc: Build content hash completed in [32m13.33[0m seconds
2024-03-21T04:54:56.455586Z  INFO super_duper::file_proc: Collecting file info...
2024-03-21T04:54:56.577822Z DEBUG super_duper::file_proc: Build file_info completed in [32m0.12[0m seconds
2024-03-21T04:54:56.578023Z  INFO super_duper::file_proc: Writing to database...
2024-03-21T04:54:57.258483Z DEBUG super_duper::file_proc: Write to database completed in [32m0.68[0m seconds
2024-03-21T04:54:57.258878Z DEBUG super_duper::file_proc: File Scan completed in [32m0.13[0m seconds, File Hash completed in [32m13.33[0m seconds, File Info completed in [32m0.12[0m seconds, File Info completed in [32m0.68[0m seconds
2024-03-21T05:04:08.168120Z DEBUG super_duper: config.root_paths: ["D:/Temp"]
2024-03-21T05:04:08.168381Z  INFO super_duper: Processing directories: ["D:/Temp"]
2024-03-21T05:04:08.168824Z  INFO super_duper::file_proc: Scanning files...
2024-03-21T05:04:08.319762Z DEBUG super_duper::file_proc: Scan files completed in [32m0.15[0m seconds
2024-03-21T05:04:08.319922Z  INFO super_duper::file_proc: Building content hash for possible dupes...
2024-03-21T05:05:09.448525Z DEBUG super_duper: config.root_paths: ["D:/Temp/Archive"]
2024-03-21T05:05:09.448936Z  INFO super_duper: Processing directories: ["D:/Temp/Archive"]
2024-03-21T05:05:09.449640Z  INFO super_duper::file_proc: Scanning files...
2024-03-21T05:05:09.621904Z DEBUG super_duper::file_proc: Scan files completed in [32m0.17[0m seconds
2024-03-21T05:05:09.622051Z  INFO super_duper::file_proc: Building content hash for possible dupes...
2024-03-21T05:06:41.385372Z DEBUG super_duper::file_proc: Build content hash completed in [32m91.76[0m seconds
2024-03-21T05:06:41.385540Z  INFO super_duper::file_proc: Collecting file info...
2024-03-21T05:06:41.647395Z DEBUG super_duper::file_proc: Build file_info completed in [32m0.26[0m seconds
2024-03-21T05:06:41.647605Z  INFO super_duper::file_proc: Writing to database...
2024-03-21T05:06:42.601775Z DEBUG super_duper::file_proc: Write to database completed in [32m0.95[0m seconds
2024-03-21T05:06:42.602034Z DEBUG super_duper::file_proc: File Scan completed in [32m0.17[0m seconds, File Hash completed in [32m91.76[0m seconds, File Info completed in [32m0.26[0m seconds, File Info completed in [32m0.95[0m seconds
2024-03-21T05:08:02.982165Z DEBUG super_duper: config.root_paths: ["D:/Temp/Archive"]
2024-03-21T05:08:02.982336Z  INFO super_duper: Processing directories: ["D:/Temp/Archive"]
2024-03-21T05:08:02.982734Z  INFO super_duper::file_proc: Scanning files...
2024-03-21T05:08:03.145746Z DEBUG super_duper::file_proc: Scan files completed in [32m0.16[0m seconds
2024-03-21T05:08:03.145914Z  INFO super_duper::file_proc: Building content hash for possible dupes...
2024-03-21T05:08:03.435981Z DEBUG super_duper::file_proc: Build content hash completed in [32m0.29[0m seconds
2024-03-21T05:08:03.436320Z  INFO super_duper::file_proc: Collecting file info...
2024-03-21T05:08:03.687140Z DEBUG super_duper::file_proc: Build file_info completed in [32m0.25[0m seconds
2024-03-21T05:08:03.687464Z  INFO super_duper::file_proc: Writing to database...
2024-03-21T05:08:04.621811Z DEBUG super_duper::file_proc: Write to database completed in [32m0.93[0m seconds
2024-03-21T05:08:04.622034Z DEBUG super_duper::file_proc: File Scan completed in [32m0.16[0m seconds, File Hash completed in [32m0.29[0m seconds, File Info completed in [32m0.25[0m seconds, File Info completed in [32m0.93[0m seconds
2024-03-21T05:08:26.377584Z DEBUG super_duper: config.root_paths: ["D:/Temp/Archive"]
2024-03-21T05:08:26.377975Z  INFO super_duper: Processing directories: ["D:/Temp/Archive"]
2024-03-21T05:08:26.378617Z  INFO super_duper::file_proc: Scanning files...
2024-03-21T05:08:26.531398Z DEBUG super_duper::file_proc: Scan files completed in [32m0.15[0m seconds
2024-03-21T05:08:26.531602Z  INFO super_duper::file_proc: Building content hash for possible dupes...
2024-03-21T05:08:27.319204Z DEBUG super_duper::file_proc: Build content hash completed in [32m0.79[0m seconds
2024-03-21T05:08:27.319368Z  INFO super_duper::file_proc: Collecting file info...
2024-03-21T05:08:27.568322Z DEBUG super_duper::file_proc: Build file_info completed in [32m0.25[0m seconds
2024-03-21T05:08:27.568558Z  INFO super_duper::file_proc: Writing to database...
2024-03-21T05:08:28.502408Z DEBUG super_duper::file_proc: Write to database completed in [32m0.93[0m seconds
2024-03-21T05:08:28.502772Z DEBUG super_duper::file_proc: File Scan completed in [32m0.15[0m seconds, File Hash completed in [32m0.79[0m seconds, File Info completed in [32m0.25[0m seconds, File Info completed in [32m0.93[0m seconds
2024-03-21T05:09:12.640329Z DEBUG super_duper: config.root_paths: ["D:/Temp/Archive"]
2024-03-21T05:09:12.640513Z  INFO super_duper: Processing directories: ["D:/Temp/Archive"]
2024-03-21T05:09:12.640763Z  INFO super_duper::file_proc: Scanning files...
2024-03-21T05:09:12.784516Z DEBUG super_duper::file_proc: Scan files completed in [32m0.14[0m seconds
2024-03-21T05:09:12.784660Z  INFO super_duper::file_proc: Building content hash for possible dupes...
2024-03-21T05:09:13.565754Z DEBUG super_duper::file_proc: Build content hash completed in [32m0.78[0m seconds
2024-03-21T05:09:13.565939Z  INFO super_duper::file_proc: Collecting file info...
2024-03-21T05:09:13.836268Z DEBUG super_duper::file_proc: Build file_info completed in [32m0.27[0m seconds
2024-03-21T05:09:13.836419Z  INFO super_duper::file_proc: Writing to database...
2024-03-21T05:09:14.807712Z DEBUG super_duper::file_proc: Write to database completed in [32m0.97[0m seconds
2024-03-21T05:09:14.807983Z DEBUG super_duper::file_proc: File Scan completed in [32m0.14[0m seconds, File Hash completed in [32m0.78[0m seconds, File Info completed in [32m0.27[0m seconds, File Info completed in [32m0.97[0m seconds
2024-03-21T05:12:59.693770Z DEBUG super_duper: config.root_paths: ["D:/Temp/Slate"]
2024-03-21T05:12:59.694087Z  INFO super_duper: Processing directories: ["D:/Temp/Slate"]
2024-03-21T05:12:59.694466Z  INFO super_duper::file_proc: Scanning files...
2024-03-21T05:12:59.696110Z DEBUG super_duper::file_proc: Scan files completed in [32m0.00[0m seconds
2024-03-21T05:12:59.696349Z  INFO super_duper::file_proc: Building content hash for possible dupes...
2024-03-21T05:13:00.002259Z DEBUG super_duper::file_proc: Build content hash completed in [32m0.31[0m seconds
2024-03-21T05:13:00.002486Z  INFO super_duper::file_proc: [31m0[0m dupcliate files
2024-03-21T05:13:00.002692Z  INFO super_duper::file_proc: Collecting file info...
2024-03-21T05:13:00.003001Z DEBUG super_duper::file_proc: Build file_info completed in [32m0.00[0m seconds
2024-03-21T05:13:00.003176Z  INFO super_duper::file_proc: Writing to database...
2024-03-21T05:13:00.221245Z DEBUG super_duper::file_proc: Write to database completed in [32m0.22[0m seconds
2024-03-21T05:13:00.221491Z DEBUG super_duper::file_proc: File Scan completed in [32m0.00[0m seconds, File Hash completed in [32m0.31[0m seconds, File Info completed in [32m0.00[0m seconds, File Info completed in [32m0.22[0m seconds
2024-03-21T05:13:25.370643Z DEBUG super_duper: config.root_paths: ["C:/Temp", "../test-data/folder1", "../test-data/folder2"]
2024-03-21T05:13:25.370912Z  INFO super_duper: Processing directories: ["C:/Temp", "../test-data/folder1", "../test-data/folder2"]
2024-03-21T05:13:25.371487Z  INFO super_duper::file_proc: Scanning files...
2024-03-21T05:13:25.445280Z DEBUG super_duper::file_proc: Scan files completed in [32m0.07[0m seconds
2024-03-21T05:13:25.445437Z  INFO super_duper::file_proc: Building content hash for possible dupes...
2024-03-21T05:13:25.665662Z DEBUG super_duper::file_proc: Build content hash completed in [32m0.22[0m seconds
2024-03-21T05:13:25.665901Z  INFO super_duper::file_proc: [31m662[0m dupcliate files
2024-03-21T05:13:25.666184Z  INFO super_duper::file_proc: Collecting file info...
2024-03-21T05:13:25.790328Z DEBUG super_duper::file_proc: Build file_info completed in [32m0.12[0m seconds
2024-03-21T05:13:25.790544Z  INFO super_duper::file_proc: Writing to database...
2024-03-21T05:13:26.310764Z DEBUG super_duper::file_proc: Write to database completed in [32m0.52[0m seconds
2024-03-21T05:13:26.311018Z DEBUG super_duper::file_proc: File Scan completed in [32m0.07[0m seconds, File Hash completed in [32m0.22[0m seconds, File Info completed in [32m0.12[0m seconds, File Info completed in [32m0.52[0m seconds
2024-03-21T05:27:32.544372Z DEBUG super_duper: config.root_paths: ["C:/Temp", "../test-data/folder1", "../test-data/folder2"]
2024-03-21T05:27:32.544664Z  INFO super_duper: Processing directories: ["C:/Temp", "../test-data/folder1", "../test-data/folder2"]
2024-03-21T05:27:32.545270Z  INFO super_duper::file_proc: Scanning files...
2024-03-21T05:27:32.616745Z DEBUG super_duper::file_proc: Scan files completed in [32m0.07[0m seconds
2024-03-21T05:27:32.616891Z  INFO super_duper::file_proc: Building content hash for possible dupes...
2024-03-21T05:27:32.844881Z DEBUG super_duper::file_proc: Build content hash completed in [32m0.23[0m seconds
2024-03-21T05:27:32.845178Z  INFO super_duper::file_proc: [31m662[0m files with duplicates
2024-03-21T05:27:32.845471Z  INFO super_duper::file_proc: Collecting file info...
2024-03-21T05:27:32.959904Z DEBUG super_duper::file_proc: Build file_info completed in [32m0.11[0m seconds
2024-03-21T05:27:32.960239Z  INFO super_duper::file_proc: Writing to database...
2024-03-21T05:27:33.475293Z DEBUG super_duper::file_proc: Write to database completed in [32m0.51[0m seconds
2024-03-21T05:27:33.475729Z DEBUG super_duper::file_proc: File Scan completed in [32m0.07[0m seconds, File Hash completed in [32m0.23[0m seconds, File Info completed in [32m0.11[0m seconds, File Info completed in [32m0.51[0m seconds
